<?xml version="1.0" encoding="UTF-8"?>
<!-- Generated by org.testng.reporters.JUnitXMLReporter -->
<testsuite ignored="1" hostname="Qcentris-479" failures="0" tests="2" name="Test" time="13.825" errors="0" timestamp="2026-08-26T16:21:56 EEST">
  <testcase classname="testCases.TC001_AccountRegisterTest" name="verify_Account_Registerartion" time="2.888"/>
  <testcase classname="testCases.TC002_LoginTest" name="Veriy_Login" time="2.433"/>
  <testcase classname="testCases.TC003_DDT_LoginTest" name="Verify_DDT_LoginTest" time="0.0">
    <ignored/>
  </testcase> <!-- Verify_DDT_LoginTest -->
</testsuite> <!-- Test -->
