<?xml version="1.0" encoding="UTF-8"?>
<testng-results ignored="1" total="3" passed="2" failed="0" skipped="0">
  <reporter-output>
  </reporter-output>
  <suite started-at="2026-08-26T16:21:42 EEST" name="MasterSuite" finished-at="2026-08-26T16:21:56 EEST" duration-ms="13825">
    <groups>
      <group name="Master">
        <method signature="TC001_AccountRegisterTest.verify_Account_Registerartion()[pri:0, instance:testCases.TC001_AccountRegisterTest@77847718]" name="verify_Account_Registerartion" class="testCases.TC001_AccountRegisterTest"/>
        <method signature="TC002_LoginTest.Veriy_Login()[pri:0, instance:testCases.TC002_LoginTest@1623b78d]" name="Veriy_Login" class="testCases.TC002_LoginTest"/>
      </group> <!-- Master -->
      <group name="Sanity">
        <method signature="TC002_LoginTest.Veriy_Login()[pri:0, instance:testCases.TC002_LoginTest@1623b78d]" name="Veriy_Login" class="testCases.TC002_LoginTest"/>
      </group> <!-- Sanity -->
      <group name="Regression">
        <method signature="TC001_AccountRegisterTest.verify_Account_Registerartion()[pri:0, instance:testCases.TC001_AccountRegisterTest@77847718]" name="verify_Account_Registerartion" class="testCases.TC001_AccountRegisterTest"/>
      </group> <!-- Regression -->
    </groups>
    <test started-at="2026-08-26T16:21:42 EEST" name="Test" finished-at="2026-08-26T16:21:56 EEST" duration-ms="13825">
      <class name="testCases.TC001_AccountRegisterTest">
        <test-method is-config="true" signature="setUp(java.lang.String,java.lang.String)[pri:0, instance:testCases.TC001_AccountRegisterTest@77847718]" started-at="2026-08-26T16:21:42 EEST" name="setUp" finished-at="2026-08-26T16:21:46 EEST" duration-ms="4156" status="PASS">
          <params>
            <param index="0">
              <value>
                <![CDATA[linux]]>
              </value>
            </param>
            <param index="1">
              <value>
                <![CDATA[chrome]]>
              </value>
            </param>
          </params>
          <reporter-output>
          </reporter-output>
        </test-method> <!-- setUp -->
        <test-method signature="verify_Account_Registerartion()[pri:0, instance:testCases.TC001_AccountRegisterTest@77847718]" started-at="2026-08-26T16:21:46 EEST" name="verify_Account_Registerartion" finished-at="2026-08-26T16:21:49 EEST" duration-ms="2888" status="PASS">
          <reporter-output>
          </reporter-output>
        </test-method> <!-- verify_Account_Registerartion -->
        <test-method is-config="true" signature="tearDowm()[pri:0, instance:testCases.TC001_AccountRegisterTest@77847718]" started-at="2026-08-26T16:21:49 EEST" name="tearDowm" finished-at="2026-08-26T16:21:50 EEST" duration-ms="169" status="PASS">
          <reporter-output>
          </reporter-output>
        </test-method> <!-- tearDowm -->
      </class> <!-- testCases.TC001_AccountRegisterTest -->
      <class name="testCases.TC002_LoginTest">
        <test-method is-config="true" signature="setUp(java.lang.String,java.lang.String)[pri:0, instance:testCases.TC002_LoginTest@1623b78d]" started-at="2026-08-26T16:21:50 EEST" name="setUp" finished-at="2026-08-26T16:21:53 EEST" duration-ms="3911" status="PASS">
          <params>
            <param index="0">
              <value>
                <![CDATA[linux]]>
              </value>
            </param>
            <param index="1">
              <value>
                <![CDATA[chrome]]>
              </value>
            </param>
          </params>
          <reporter-output>
          </reporter-output>
        </test-method> <!-- setUp -->
        <test-method signature="Veriy_Login()[pri:0, instance:testCases.TC002_LoginTest@1623b78d]" started-at="2026-08-26T16:21:53 EEST" name="Veriy_Login" finished-at="2026-08-26T16:21:56 EEST" duration-ms="2433" status="PASS">
          <reporter-output>
          </reporter-output>
        </test-method> <!-- Veriy_Login -->
        <test-method is-config="true" signature="tearDowm()[pri:0, instance:testCases.TC002_LoginTest@1623b78d]" started-at="2026-08-26T16:21:56 EEST" name="tearDowm" finished-at="2026-08-26T16:21:56 EEST" duration-ms="130" status="PASS">
          <reporter-output>
          </reporter-output>
        </test-method> <!-- tearDowm -->
      </class> <!-- testCases.TC002_LoginTest -->
    </test> <!-- Test -->
  </suite> <!-- MasterSuite -->
</testng-results>
