<?xml version="1.0" encoding="UTF-8"?>
<testng-results ignored="1" total="4" passed="3" failed="0" skipped="0">
  <reporter-output>
  </reporter-output>
  <suite started-at="2026-09-19T18:33:05 EEST" name="MasterSuite" finished-at="2026-09-19T18:34:03 EEST" duration-ms="57551">
    <groups>
      <group name="Master">
        <method signature="TC001_AccountRegisterTest.verify_Account_Registerartion()[pri:0, instance:testCases.TC001_AccountRegisterTest@4116aac9]" name="verify_Account_Registerartion" class="testCases.TC001_AccountRegisterTest"/>
        <method signature="TC002_LoginTest.Veriy_Login()[pri:0, instance:testCases.TC002_LoginTest@489115ef]" name="Veriy_Login" class="testCases.TC002_LoginTest"/>
        <method signature="TC004_AddToCartTest.AddToCartTestCase()[pri:0, instance:testCases.TC004_AddToCartTest@3857f613]" name="AddToCartTestCase" class="testCases.TC004_AddToCartTest"/>
      </group> <!-- Master -->
      <group name="Sanity">
        <method signature="TC002_LoginTest.Veriy_Login()[pri:0, instance:testCases.TC002_LoginTest@489115ef]" name="Veriy_Login" class="testCases.TC002_LoginTest"/>
      </group> <!-- Sanity -->
      <group name="Regression">
        <method signature="TC001_AccountRegisterTest.verify_Account_Registerartion()[pri:0, instance:testCases.TC001_AccountRegisterTest@4116aac9]" name="verify_Account_Registerartion" class="testCases.TC001_AccountRegisterTest"/>
      </group> <!-- Regression -->
    </groups>
    <test started-at="2026-09-19T18:33:05 EEST" name="Test" finished-at="2026-09-19T18:34:03 EEST" duration-ms="57551">
      <class name="testCases.TC001_AccountRegisterTest">
        <test-method is-config="true" signature="setUp(java.lang.String,java.lang.String)[pri:0, instance:testCases.TC001_AccountRegisterTest@4116aac9]" started-at="2026-09-19T18:33:05 EEST" name="setUp" finished-at="2026-09-19T18:33:32 EEST" duration-ms="27129" status="PASS">
          <params>
            <param index="0">
              <value>
                <![CDATA[windows]]>
              </value>
            </param>
            <param index="1">
              <value>
                <![CDATA[chrome]]>
              </value>
            </param>
          </params>
          <reporter-output>
          </reporter-output>
        </test-method> <!-- setUp -->
        <test-method signature="verify_Account_Registerartion()[pri:0, instance:testCases.TC001_AccountRegisterTest@4116aac9]" started-at="2026-09-19T18:33:32 EEST" name="verify_Account_Registerartion" finished-at="2026-09-19T18:33:36 EEST" duration-ms="3357" status="PASS">
          <reporter-output>
          </reporter-output>
        </test-method> <!-- verify_Account_Registerartion -->
        <test-method is-config="true" signature="tearDowm()[pri:0, instance:testCases.TC001_AccountRegisterTest@4116aac9]" started-at="2026-09-19T18:33:36 EEST" name="tearDowm" finished-at="2026-09-19T18:33:36 EEST" duration-ms="185" status="PASS">
          <reporter-output>
          </reporter-output>
        </test-method> <!-- tearDowm -->
      </class> <!-- testCases.TC001_AccountRegisterTest -->
      <class name="testCases.TC002_LoginTest">
        <test-method is-config="true" signature="setUp(java.lang.String,java.lang.String)[pri:0, instance:testCases.TC002_LoginTest@489115ef]" started-at="2026-09-19T18:33:36 EEST" name="setUp" finished-at="2026-09-19T18:33:39 EEST" duration-ms="2984" status="PASS">
          <params>
            <param index="0">
              <value>
                <![CDATA[windows]]>
              </value>
            </param>
            <param index="1">
              <value>
                <![CDATA[chrome]]>
              </value>
            </param>
          </params>
          <reporter-output>
          </reporter-output>
        </test-method> <!-- setUp -->
        <test-method signature="Veriy_Login()[pri:0, instance:testCases.TC002_LoginTest@489115ef]" started-at="2026-09-19T18:33:39 EEST" name="Veriy_Login" finished-at="2026-09-19T18:33:41 EEST" duration-ms="2053" status="PASS">
          <reporter-output>
          </reporter-output>
        </test-method> <!-- Veriy_Login -->
        <test-method is-config="true" signature="tearDowm()[pri:0, instance:testCases.TC002_LoginTest@489115ef]" started-at="2026-09-19T18:33:41 EEST" name="tearDowm" finished-at="2026-09-19T18:33:41 EEST" duration-ms="204" status="PASS">
          <reporter-output>
          </reporter-output>
        </test-method> <!-- tearDowm -->
      </class> <!-- testCases.TC002_LoginTest -->
      <class name="testCases.TC004_AddToCartTest">
        <test-method is-config="true" signature="setUp(java.lang.String,java.lang.String)[pri:0, instance:testCases.TC004_AddToCartTest@3857f613]" started-at="2026-09-19T18:33:41 EEST" name="setUp" finished-at="2026-09-19T18:33:57 EEST" duration-ms="15446" status="PASS">
          <params>
            <param index="0">
              <value>
                <![CDATA[windows]]>
              </value>
            </param>
            <param index="1">
              <value>
                <![CDATA[chrome]]>
              </value>
            </param>
          </params>
          <reporter-output>
          </reporter-output>
        </test-method> <!-- setUp -->
        <test-method signature="AddToCartTestCase()[pri:0, instance:testCases.TC004_AddToCartTest@3857f613]" started-at="2026-09-19T18:33:57 EEST" name="AddToCartTestCase" finished-at="2026-09-19T18:34:02 EEST" duration-ms="5809" status="PASS">
          <reporter-output>
          </reporter-output>
        </test-method> <!-- AddToCartTestCase -->
        <test-method is-config="true" signature="tearDowm()[pri:0, instance:testCases.TC004_AddToCartTest@3857f613]" started-at="2026-09-19T18:34:02 EEST" name="tearDowm" finished-at="2026-09-19T18:34:03 EEST" duration-ms="184" status="PASS">
          <reporter-output>
          </reporter-output>
        </test-method> <!-- tearDowm -->
      </class> <!-- testCases.TC004_AddToCartTest -->
    </test> <!-- Test -->
  </suite> <!-- MasterSuite -->
</testng-results>
