<?xml version="1.0" encoding="UTF-8"?>
<testng-results ignored="1" total="3" passed="2" failed="0" skipped="0">
  <reporter-output>
  </reporter-output>
  <suite started-at="2026-08-26T15:27:31 EEST" name="MasterSuite" finished-at="2026-08-26T15:28:01 EEST" duration-ms="29859">
    <groups>
      <group name="Master">
        <method signature="TC001_AccountRegisterTest.verify_Account_Registerartion()[pri:0, instance:testCases.TC001_AccountRegisterTest@1fa121e2]" name="verify_Account_Registerartion" class="testCases.TC001_AccountRegisterTest"/>
        <method signature="TC002_LoginTest.Veriy_Login()[pri:0, instance:testCases.TC002_LoginTest@1a677343]" name="Veriy_Login" class="testCases.TC002_LoginTest"/>
      </group> <!-- Master -->
      <group name="Sanity">
        <method signature="TC002_LoginTest.Veriy_Login()[pri:0, instance:testCases.TC002_LoginTest@1a677343]" name="Veriy_Login" class="testCases.TC002_LoginTest"/>
      </group> <!-- Sanity -->
      <group name="Regression">
        <method signature="TC001_AccountRegisterTest.verify_Account_Registerartion()[pri:0, instance:testCases.TC001_AccountRegisterTest@1fa121e2]" name="verify_Account_Registerartion" class="testCases.TC001_AccountRegisterTest"/>
      </group> <!-- Regression -->
    </groups>
    <test started-at="2026-08-26T15:27:31 EEST" name="Test" finished-at="2026-08-26T15:28:01 EEST" duration-ms="29859">
      <class name="testCases.TC001_AccountRegisterTest">
        <test-method is-config="true" signature="setUp(java.lang.String,java.lang.String)[pri:0, instance:testCases.TC001_AccountRegisterTest@1fa121e2]" started-at="2026-08-26T15:27:31 EEST" name="setUp" finished-at="2026-08-26T15:27:53 EEST" duration-ms="21515" status="PASS">
          <params>
            <param index="0">
              <value>
                <![CDATA[linux]]>
              </value>
            </param>
            <param index="1">
              <value>
                <![CDATA[chrome]]>
              </value>
            </param>
          </params>
          <reporter-output>
          </reporter-output>
        </test-method> <!-- setUp -->
        <test-method signature="verify_Account_Registerartion()[pri:0, instance:testCases.TC001_AccountRegisterTest@1fa121e2]" started-at="2026-08-26T15:27:53 EEST" name="verify_Account_Registerartion" finished-at="2026-08-26T15:27:56 EEST" duration-ms="2936" status="PASS">
          <reporter-output>
          </reporter-output>
        </test-method> <!-- verify_Account_Registerartion -->
        <test-method is-config="true" signature="tearDowm()[pri:0, instance:testCases.TC001_AccountRegisterTest@1fa121e2]" started-at="2026-08-26T15:27:56 EEST" name="tearDowm" finished-at="2026-08-26T15:27:56 EEST" duration-ms="158" status="PASS">
          <reporter-output>
          </reporter-output>
        </test-method> <!-- tearDowm -->
      </class> <!-- testCases.TC001_AccountRegisterTest -->
      <class name="testCases.TC002_LoginTest">
        <test-method is-config="true" signature="setUp(java.lang.String,java.lang.String)[pri:0, instance:testCases.TC002_LoginTest@1a677343]" started-at="2026-08-26T15:27:56 EEST" name="setUp" finished-at="2026-08-26T15:27:59 EEST" duration-ms="3027" status="PASS">
          <params>
            <param index="0">
              <value>
                <![CDATA[linux]]>
              </value>
            </param>
            <param index="1">
              <value>
                <![CDATA[chrome]]>
              </value>
            </param>
          </params>
          <reporter-output>
          </reporter-output>
        </test-method> <!-- setUp -->
        <test-method signature="Veriy_Login()[pri:0, instance:testCases.TC002_LoginTest@1a677343]" started-at="2026-08-26T15:27:59 EEST" name="Veriy_Login" finished-at="2026-08-26T15:28:01 EEST" duration-ms="1845" status="PASS">
          <reporter-output>
          </reporter-output>
        </test-method> <!-- Veriy_Login -->
        <test-method is-config="true" signature="tearDowm()[pri:0, instance:testCases.TC002_LoginTest@1a677343]" started-at="2026-08-26T15:28:01 EEST" name="tearDowm" finished-at="2026-08-26T15:28:01 EEST" duration-ms="211" status="PASS">
          <reporter-output>
          </reporter-output>
        </test-method> <!-- tearDowm -->
      </class> <!-- testCases.TC002_LoginTest -->
    </test> <!-- Test -->
  </suite> <!-- MasterSuite -->
</testng-results>
