<?xml version="1.0" encoding="UTF-8"?>
<!-- Generated by org.testng.reporters.JUnitReportReporter -->
<testsuite hostname="Qcentris-479" failures="0" tests="5" name="testCases.TC003_DDT_LoginTest" time="78.525" errors="0" timestamp="2026-08-12T17:25:44 EEST" skipped="0">
  <testcase classname="testCases.TC003_DDT_LoginTest" name="Verify_DDT_LoginTest" time="5.168"/>
  <testcase classname="testCases.TC003_DDT_LoginTest" name="Verify_DDT_LoginTest" time="22.642"/>
  <testcase classname="testCases.TC003_DDT_LoginTest" name="Verify_DDT_LoginTest" time="23.477"/>
  <testcase classname="testCases.TC003_DDT_LoginTest" name="Verify_DDT_LoginTest" time="4.605"/>
  <testcase classname="testCases.TC003_DDT_LoginTest" name="Verify_DDT_LoginTest" time="22.633"/>
</testsuite> <!-- testCases.TC003_DDT_LoginTest -->
