<?xml version="1.0" encoding="UTF-8"?>
<!-- Generated by org.testng.reporters.JUnitXMLReporter -->
<testsuite ignored="1" hostname="Qcentris-479" failures="0" tests="3" name="Test" time="57.551" errors="0" timestamp="2026-09-19T18:34:03 EEST">
  <testcase classname="testCases.TC001_AccountRegisterTest" name="verify_Account_Registerartion" time="3.357"/>
  <testcase classname="testCases.TC002_LoginTest" name="Veriy_Login" time="2.053"/>
  <testcase classname="testCases.TC004_AddToCartTest" name="AddToCartTestCase" time="5.809"/>
  <testcase classname="testCases.TC003_DDT_LoginTest" name="Verify_DDT_LoginTest" time="0.0">
    <ignored/>
  </testcase> <!-- Verify_DDT_LoginTest -->
</testsuite> <!-- Test -->
